<?xml version="1.0" encoding="UTF-8"?>
<!-- Generated by org.testng.reporters.JUnitReportReporter -->
<testsuite hostname="Aruns-MacBook-Air.local" failures="0" tests="1" name="Test.testngdemoprc1" time="0.001" errors="0" timestamp="2024-05-02T18:53:12 IST" skipped="0">
  <testcase classname="Test.testngdemoprc1" name="day2" time="0.001"/>
  <system-out/>
</testsuite> <!-- Test.testngdemoprc1 -->
