<?xml version="1.0" encoding="UTF-8"?>
<!-- Generated by org.testng.reporters.JUnitReportReporter -->
<testsuite hostname="Aruns-MacBook-Air.local" failures="0" tests="5" name="Test.testngdemoprc2" time="0.021" errors="0" timestamp="2024-05-02T18:53:12 IST" skipped="0">
  <testcase classname="Test.testngdemoprc2" name="applogincarlaonloginsignout" time="0.001"/>
  <system-out/>
  <testcase classname="Test.testngdemoprc2" name="apilogincarlaonlogin" time="0.002"/>
  <system-out/>
  <testcase classname="Test.testngdemoprc2" name="weblogincarlaonlogin" time="0.002"/>
  <system-out/>
  <testcase classname="Test.testngdemoprc2" name="applogincarlaonlogin" time="0.011"/>
  <system-out/>
  <testcase classname="Test.testngdemoprc2" name="applogincarlaonlogigsignin" time="0.005"/>
  <system-out/>
</testsuite> <!-- Test.testngdemoprc2 -->
