<?xml version="1.0" encoding="UTF-8"?>
<!-- Generated by org.testng.reporters.JUnitReportReporter -->
<testsuite hostname="Aruns-MacBook-Air.local" failures="0" tests="1" name="testngdemo" time="0.012" errors="0" timestamp="2024-04-30T14:24:20 IST" skipped="0">
  <testcase classname="testngdemo" name="demotestng" time="0.012"/>
  <system-out/>
</testsuite> <!-- testngdemo -->
