<?xml version="1.0" encoding="UTF-8"?>
<!-- Generated by org.testng.reporters.JUnitReportReporter -->
<testsuite hostname="Aruns-MacBook-Air.local" failures="0" tests="3" name="Test.testngdemoprc3" time="0.014" errors="0" timestamp="2024-05-02T18:53:12 IST" skipped="0">
  <testcase classname="Test.testngdemoprc3" name="apploginHomelaonlogin" time="0.002"/>
  <system-out/>
  <testcase classname="Test.testngdemoprc3" name="webloginhomelaonlogin" time="0.002"/>
  <system-out/>
  <testcase classname="Test.testngdemoprc3" name="apiloginHomelaonlogin" time="0.010"/>
  <system-out/>
</testsuite> <!-- Test.testngdemoprc3 -->
