<?xml version="1.0" encoding="UTF-8"?>
<!-- Generated by org.testng.reporters.JUnitReportReporter -->
<testsuite hostname="Aruns-MacBook-Air.local" failures="0" tests="3" name="Test.dataproviderparameterise" time="0.013" errors="0" timestamp="2024-05-02T20:04:49 IST" skipped="0">
  <testcase classname="Test.dataproviderparameterise" name="login" time="0.002"/>
  <system-out/>
  <testcase classname="Test.dataproviderparameterise" name="login" time="0.008"/>
  <system-out/>
  <testcase classname="Test.dataproviderparameterise" name="login" time="0.003"/>
  <system-out/>
</testsuite> <!-- Test.dataproviderparameterise -->
