<?xml version="1.0" encoding="UTF-8"?>
<!-- Generated by org.testng.reporters.JUnitReportReporter -->
<testsuite hostname="Aruns-MacBook-Air.local" failures="0" tests="2" name="Test.testngdemoprc" time="0.006" errors="0" timestamp="2024-05-02T18:53:12 IST" skipped="0">
  <testcase classname="Test.testngdemoprc" name="day1" time="0.005"/>
  <system-out/>
  <testcase classname="Test.testngdemoprc" name="day3" time="0.001"/>
  <system-out/>
</testsuite> <!-- Test.testngdemoprc -->
